{"contracts/Address.sol":{"l":{"22":0,"24":0,"25":0},"path":"/home/zmg/GoalZapp/contracts/Address.sol","s":{"1":0,"2":0},"b":{},"f":{"1":0},"fnMap":{"1":{"name":"isContract","line":17,"loc":{"start":{"line":17,"column":4},"end":{"line":17,"column":67}}}},"statementMap":{"1":{"start":{"line":22,"column":8},"end":{"line":22,"column":20}},"2":{"start":{"line":25,"column":8},"end":{"line":25,"column":23}}},"branchMap":{}},"contracts/AionRole.sol":{"l":{"18":0,"19":0,"23":0,"27":29,"28":29},"path":"/home/zmg/GoalZapp/contracts/AionRole.sol","s":{"1":0,"2":0,"3":29,"4":29},"b":{"1":[0,0]},"f":{"1":155,"2":0,"3":0,"4":29},"fnMap":{"1":{"name":"constructor","line":13,"loc":{"start":{"line":13,"column":4},"end":{"line":13,"column":25}}},"2":{"name":"onlyAionRole","line":17,"loc":{"start":{"line":17,"column":4},"end":{"line":17,"column":25}}},"3":{"name":"isAionAddress","line":22,"loc":{"start":{"line":22,"column":4},"end":{"line":22,"column":68}}},"4":{"name":"_addAionAddress","line":26,"loc":{"start":{"line":26,"column":4},"end":{"line":26,"column":37}}}},"statementMap":{"1":{"start":{"line":18,"column":8},"end":{"line":18,"column":92}},"2":{"start":{"line":23,"column":8},"end":{"line":23,"column":40}},"3":{"start":{"line":27,"column":8},"end":{"line":27,"column":67}},"4":{"start":{"line":28,"column":8},"end":{"line":28,"column":73}}},"branchMap":{"1":{"line":18,"type":"if","locations":[{"start":{"line":18,"column":8},"end":{"line":18,"column":8}},{"start":{"line":18,"column":8},"end":{"line":18,"column":8}}]}}},"contracts/BancorFormula.sol":{"l":{"40":9,"43":6,"44":2,"48":4,"49":1,"52":3,"53":3,"54":3,"55":3,"56":3,"57":3,"76":9,"79":8,"80":1,"84":7,"85":3,"89":4,"90":1,"93":3,"94":3,"95":3,"96":3,"97":3,"98":3,"99":3},"path":"/home/zmg/GoalZapp/contracts/BancorFormula.sol","s":{"1":9,"2":6,"3":2,"4":4,"5":1,"6":3,"7":3,"8":3,"9":3,"10":3,"11":3,"12":9,"13":8,"14":1,"15":7,"16":3,"17":4,"18":1,"19":3,"20":3,"21":3,"22":3,"23":3,"24":3,"25":3},"b":{"1":[6,3],"2":[2,4],"3":[1,3],"4":[8,1],"5":[1,7],"6":[3,4],"7":[1,3]},"f":{"1":9,"2":9},"fnMap":{"1":{"name":"calculatePurchaseReturn","line":33,"loc":{"start":{"line":33,"column":2},"end":{"line":38,"column":3}}},"2":{"name":"calculateSaleReturn","line":74,"loc":{"start":{"line":74,"column":2},"end":{"line":74,"column":150}}}},"statementMap":{"1":{"start":{"line":40,"column":4},"end":{"line":40,"column":106}},"2":{"start":{"line":43,"column":4},"end":{"line":43,"column":1594}},"3":{"start":{"line":44,"column":6},"end":{"line":44,"column":14}},"4":{"start":{"line":48,"column":4},"end":{"line":48,"column":1689}},"5":{"start":{"line":49,"column":6},"end":{"line":49,"column":63}},"6":{"start":{"line":52,"column":4},"end":{"line":52,"column":18}},"7":{"start":{"line":53,"column":4},"end":{"line":53,"column":19}},"8":{"start":{"line":54,"column":4},"end":{"line":54,"column":57}},"9":{"start":{"line":55,"column":4},"end":{"line":55,"column":86}},"10":{"start":{"line":56,"column":4},"end":{"line":56,"column":51}},"11":{"start":{"line":57,"column":4},"end":{"line":57,"column":25}},"12":{"start":{"line":76,"column":4},"end":{"line":76,"column":132}},"13":{"start":{"line":79,"column":4},"end":{"line":79,"column":3032}},"14":{"start":{"line":80,"column":6},"end":{"line":80,"column":14}},"15":{"start":{"line":84,"column":4},"end":{"line":84,"column":3133}},"16":{"start":{"line":85,"column":6},"end":{"line":85,"column":30}},"17":{"start":{"line":89,"column":4},"end":{"line":89,"column":3247}},"18":{"start":{"line":90,"column":6},"end":{"line":90,"column":60}},"19":{"start":{"line":93,"column":4},"end":{"line":93,"column":18}},"20":{"start":{"line":94,"column":4},"end":{"line":94,"column":19}},"21":{"start":{"line":95,"column":4},"end":{"line":95,"column":41}},"22":{"start":{"line":96,"column":4},"end":{"line":96,"column":76}},"23":{"start":{"line":97,"column":4},"end":{"line":97,"column":54}},"24":{"start":{"line":98,"column":4},"end":{"line":98,"column":55}},"25":{"start":{"line":99,"column":4},"end":{"line":99,"column":49}}},"branchMap":{"1":{"line":40,"type":"if","locations":[{"start":{"line":40,"column":4},"end":{"line":40,"column":4}},{"start":{"line":40,"column":4},"end":{"line":40,"column":4}}]},"2":{"line":43,"type":"if","locations":[{"start":{"line":43,"column":4},"end":{"line":43,"column":4}},{"start":{"line":43,"column":4},"end":{"line":43,"column":4}}]},"3":{"line":48,"type":"if","locations":[{"start":{"line":48,"column":4},"end":{"line":48,"column":4}},{"start":{"line":48,"column":4},"end":{"line":48,"column":4}}]},"4":{"line":76,"type":"if","locations":[{"start":{"line":76,"column":4},"end":{"line":76,"column":4}},{"start":{"line":76,"column":4},"end":{"line":76,"column":4}}]},"5":{"line":79,"type":"if","locations":[{"start":{"line":79,"column":4},"end":{"line":79,"column":4}},{"start":{"line":79,"column":4},"end":{"line":79,"column":4}}]},"6":{"line":84,"type":"if","locations":[{"start":{"line":84,"column":4},"end":{"line":84,"column":4}},{"start":{"line":84,"column":4},"end":{"line":84,"column":4}}]},"7":{"line":89,"type":"if","locations":[{"start":{"line":89,"column":4},"end":{"line":89,"column":4}},{"start":{"line":89,"column":4},"end":{"line":89,"column":4}}]}}},"contracts/BondingCurve.sol":{"l":{"44":1,"53":7,"54":5,"55":3,"56":3,"57":3,"58":3,"59":3,"69":5,"70":3,"71":3,"72":3,"73":3,"74":3,"75":3,"76":3,"81":5,"82":5,"83":5,"91":2,"92":1},"path":"/home/zmg/GoalZapp/contracts/BondingCurve.sol","s":{"1":1,"2":7,"3":5,"4":3,"5":3,"6":3,"7":3,"8":3,"9":5,"10":3,"11":3,"12":3,"13":3,"14":3,"15":3,"16":3,"17":5,"18":5,"19":2,"20":1},"b":{"1":[5,2],"2":[3,2],"3":[5,0],"4":[1,1]},"f":{"1":1,"2":7,"3":5,"4":5,"5":2},"fnMap":{"1":{"name":"","line":43,"loc":{"start":{"line":43,"column":2},"end":{"line":43,"column":29}}},"2":{"name":"buy","line":52,"loc":{"start":{"line":52,"column":2},"end":{"line":52,"column":45}}},"3":{"name":"sell","line":68,"loc":{"start":{"line":68,"column":2},"end":{"line":68,"column":70}}},"4":{"name":"validGasPrice","line":80,"loc":{"start":{"line":80,"column":2},"end":{"line":80,"column":26}}},"5":{"name":"setGasPrice","line":90,"loc":{"start":{"line":90,"column":2},"end":{"line":90,"column":58}}}},"statementMap":{"1":{"start":{"line":44,"column":4},"end":{"line":44,"column":8}},"2":{"start":{"line":53,"column":4},"end":{"line":53,"column":25}},"3":{"start":{"line":54,"column":4},"end":{"line":54,"column":102}},"4":{"start":{"line":55,"column":4},"end":{"line":55,"column":48}},"5":{"start":{"line":56,"column":4},"end":{"line":56,"column":66}},"6":{"start":{"line":57,"column":4},"end":{"line":57,"column":43}},"7":{"start":{"line":58,"column":4},"end":{"line":58,"column":41}},"8":{"start":{"line":59,"column":4},"end":{"line":59,"column":15}},"9":{"start":{"line":69,"column":4},"end":{"line":69,"column":65}},"10":{"start":{"line":70,"column":4},"end":{"line":70,"column":96}},"11":{"start":{"line":71,"column":4},"end":{"line":71,"column":33}},"12":{"start":{"line":72,"column":4},"end":{"line":72,"column":43}},"13":{"start":{"line":73,"column":4},"end":{"line":73,"column":64}},"14":{"start":{"line":74,"column":4},"end":{"line":74,"column":46}},"15":{"start":{"line":75,"column":4},"end":{"line":75,"column":43}},"16":{"start":{"line":76,"column":4},"end":{"line":76,"column":15}},"17":{"start":{"line":81,"column":4},"end":{"line":81,"column":27}},"18":{"start":{"line":82,"column":4},"end":{"line":82,"column":79}},"19":{"start":{"line":91,"column":4},"end":{"line":91,"column":25}},"20":{"start":{"line":92,"column":4},"end":{"line":92,"column":23}}},"branchMap":{"1":{"line":53,"type":"if","locations":[{"start":{"line":53,"column":4},"end":{"line":53,"column":4}},{"start":{"line":53,"column":4},"end":{"line":53,"column":4}}]},"2":{"line":69,"type":"if","locations":[{"start":{"line":69,"column":4},"end":{"line":69,"column":4}},{"start":{"line":69,"column":4},"end":{"line":69,"column":4}}]},"3":{"line":82,"type":"if","locations":[{"start":{"line":82,"column":4},"end":{"line":82,"column":4}},{"start":{"line":82,"column":4},"end":{"line":82,"column":4}}]},"4":{"line":91,"type":"if","locations":[{"start":{"line":91,"column":4},"end":{"line":91,"column":4}},{"start":{"line":91,"column":4},"end":{"line":91,"column":4}}]}}},"contracts/BondingCurveMock.sol":{"l":{"13":1,"14":1,"15":1,"16":1,"18":1,"19":1},"path":"/home/zmg/GoalZapp/contracts/BondingCurveMock.sol","s":{"1":1,"2":1,"3":1,"4":1,"5":1,"6":1},"b":{},"f":{"1":1},"fnMap":{"1":{"name":"constructor","line":7,"loc":{"start":{"line":7,"column":2},"end":{"line":11,"column":3}}}},"statementMap":{"1":{"start":{"line":13,"column":4},"end":{"line":13,"column":33}},"2":{"start":{"line":14,"column":4},"end":{"line":14,"column":32}},"3":{"start":{"line":15,"column":4},"end":{"line":15,"column":25}},"4":{"start":{"line":16,"column":4},"end":{"line":16,"column":26}},"5":{"start":{"line":18,"column":4},"end":{"line":18,"column":37}},"6":{"start":{"line":19,"column":4},"end":{"line":19,"column":55}}},"branchMap":{}},"contracts/Context.sol":{"l":{"20":0,"24":0,"25":0},"path":"/home/zmg/GoalZapp/contracts/Context.sol","s":{"1":0,"2":0},"b":{},"f":{"1":155,"2":0,"3":0},"fnMap":{"1":{"name":"constructor","line":16,"loc":{"start":{"line":16,"column":4},"end":{"line":16,"column":25}}},"2":{"name":"_msgSender","line":19,"loc":{"start":{"line":19,"column":4},"end":{"line":19,"column":63}}},"3":{"name":"_msgData","line":23,"loc":{"start":{"line":23,"column":4},"end":{"line":23,"column":58}}}},"statementMap":{"1":{"start":{"line":20,"column":8},"end":{"line":20,"column":25}},"2":{"start":{"line":25,"column":8},"end":{"line":25,"column":23}}},"branchMap":{}},"contracts/ERC20.sol":{"l":{"51":14,"58":84,"70":89,"71":83,"78":22,"89":93,"90":91,"106":98,"107":90,"108":86,"124":8,"125":6,"143":16,"144":6,"162":201,"163":197,"164":191,"165":2,"167":189,"168":179,"169":179,"182":122,"184":120,"185":120,"186":120,"187":120,"202":26,"204":22,"205":18,"206":18,"223":215,"224":213,"226":207,"227":207,"237":16,"238":12},"path":"/home/zmg/GoalZapp/contracts/ERC20.sol","s":{"1":14,"2":84,"3":89,"4":83,"5":22,"6":93,"7":91,"8":98,"9":90,"10":86,"11":8,"12":6,"13":16,"14":6,"15":201,"16":197,"17":191,"18":2,"19":189,"20":179,"21":179,"22":122,"23":120,"24":120,"25":120,"26":120,"27":26,"28":22,"29":18,"30":18,"31":215,"32":213,"33":207,"34":207,"35":16,"36":12},"b":{"1":[197,4],"2":[191,6],"3":[2,189],"4":[0,2],"5":[120,2],"6":[22,4],"7":[213,2],"8":[207,6]},"f":{"1":14,"2":84,"3":89,"4":22,"5":93,"6":98,"7":8,"8":16,"9":201,"10":122,"11":26,"12":215,"13":16},"fnMap":{"1":{"name":"totalSupply","line":50,"loc":{"start":{"line":50,"column":4},"end":{"line":50,"column":54}}},"2":{"name":"balanceOf","line":57,"loc":{"start":{"line":57,"column":4},"end":{"line":57,"column":67}}},"3":{"name":"transfer","line":69,"loc":{"start":{"line":69,"column":4},"end":{"line":69,"column":148}}},"4":{"name":"allowance","line":77,"loc":{"start":{"line":77,"column":4},"end":{"line":77,"column":82}}},"5":{"name":"approve","line":88,"loc":{"start":{"line":88,"column":4},"end":{"line":88,"column":139}}},"6":{"name":"transferFrom","line":105,"loc":{"start":{"line":105,"column":4},"end":{"line":105,"column":168}}},"7":{"name":"increaseAllowance","line":123,"loc":{"start":{"line":123,"column":4},"end":{"line":123,"column":87}}},"8":{"name":"decreaseAllowance","line":142,"loc":{"start":{"line":142,"column":4},"end":{"line":142,"column":92}}},"9":{"name":"_transfer","line":161,"loc":{"start":{"line":161,"column":4},"end":{"line":161,"column":151}}},"10":{"name":"_mint","line":181,"loc":{"start":{"line":181,"column":4},"end":{"line":181,"column":58}}},"11":{"name":"_burn","line":201,"loc":{"start":{"line":201,"column":4},"end":{"line":201,"column":57}}},"12":{"name":"_approve","line":222,"loc":{"start":{"line":222,"column":4},"end":{"line":222,"column":142}}},"13":{"name":"_burnFrom","line":236,"loc":{"start":{"line":236,"column":4},"end":{"line":236,"column":62}}}},"statementMap":{"1":{"start":{"line":51,"column":8},"end":{"line":51,"column":27}},"2":{"start":{"line":58,"column":8},"end":{"line":58,"column":33}},"3":{"start":{"line":70,"column":8},"end":{"line":70,"column":47}},"4":{"start":{"line":71,"column":8},"end":{"line":71,"column":19}},"5":{"start":{"line":78,"column":8},"end":{"line":78,"column":42}},"6":{"start":{"line":89,"column":8},"end":{"line":89,"column":43}},"7":{"start":{"line":90,"column":8},"end":{"line":90,"column":19}},"8":{"start":{"line":106,"column":8},"end":{"line":106,"column":43}},"9":{"start":{"line":107,"column":8},"end":{"line":107,"column":80}},"10":{"start":{"line":108,"column":8},"end":{"line":108,"column":19}},"11":{"start":{"line":124,"column":8},"end":{"line":124,"column":86}},"12":{"start":{"line":125,"column":8},"end":{"line":125,"column":19}},"13":{"start":{"line":143,"column":8},"end":{"line":143,"column":91}},"14":{"start":{"line":144,"column":8},"end":{"line":144,"column":19}},"15":{"start":{"line":162,"column":8},"end":{"line":162,"column":77}},"16":{"start":{"line":163,"column":8},"end":{"line":163,"column":78}},"17":{"start":{"line":164,"column":1},"end":{"line":164,"column":5788}},"18":{"start":{"line":165,"column":1},"end":{"line":165,"column":75}},"19":{"start":{"line":167,"column":8},"end":{"line":167,"column":56}},"20":{"start":{"line":168,"column":8},"end":{"line":168,"column":62}},"21":{"start":{"line":169,"column":8},"end":{"line":169,"column":48}},"22":{"start":{"line":182,"column":8},"end":{"line":182,"column":72}},"23":{"start":{"line":184,"column":8},"end":{"line":184,"column":46}},"24":{"start":{"line":185,"column":8},"end":{"line":185,"column":58}},"25":{"start":{"line":186,"column":8},"end":{"line":186,"column":43}},"26":{"start":{"line":187,"column":8},"end":{"line":187,"column":50}},"27":{"start":{"line":202,"column":8},"end":{"line":202,"column":74}},"28":{"start":{"line":204,"column":8},"end":{"line":204,"column":45}},"29":{"start":{"line":205,"column":8},"end":{"line":205,"column":57}},"30":{"start":{"line":206,"column":8},"end":{"line":206,"column":49}},"31":{"start":{"line":223,"column":8},"end":{"line":223,"column":75}},"32":{"start":{"line":224,"column":8},"end":{"line":224,"column":75}},"33":{"start":{"line":226,"column":8},"end":{"line":226,"column":42}},"34":{"start":{"line":227,"column":8},"end":{"line":227,"column":44}},"35":{"start":{"line":237,"column":8},"end":{"line":237,"column":29}},"36":{"start":{"line":238,"column":8},"end":{"line":238,"column":82}}},"branchMap":{"1":{"line":162,"type":"if","locations":[{"start":{"line":162,"column":8},"end":{"line":162,"column":8}},{"start":{"line":162,"column":8},"end":{"line":162,"column":8}}]},"2":{"line":163,"type":"if","locations":[{"start":{"line":163,"column":8},"end":{"line":163,"column":8}},{"start":{"line":163,"column":8},"end":{"line":163,"column":8}}]},"3":{"line":164,"type":"if","locations":[{"start":{"line":164,"column":1},"end":{"line":164,"column":1}},{"start":{"line":164,"column":1},"end":{"line":164,"column":1}}]},"4":{"line":165,"type":"if","locations":[{"start":{"line":165,"column":1},"end":{"line":165,"column":1}},{"start":{"line":165,"column":1},"end":{"line":165,"column":1}}]},"5":{"line":182,"type":"if","locations":[{"start":{"line":182,"column":8},"end":{"line":182,"column":8}},{"start":{"line":182,"column":8},"end":{"line":182,"column":8}}]},"6":{"line":202,"type":"if","locations":[{"start":{"line":202,"column":8},"end":{"line":202,"column":8}},{"start":{"line":202,"column":8},"end":{"line":202,"column":8}}]},"7":{"line":223,"type":"if","locations":[{"start":{"line":223,"column":8},"end":{"line":223,"column":8}},{"start":{"line":223,"column":8},"end":{"line":223,"column":8}}]},"8":{"line":224,"type":"if","locations":[{"start":{"line":224,"column":8},"end":{"line":224,"column":8}},{"start":{"line":224,"column":8},"end":{"line":224,"column":8}}]}}},"contracts/ERC20Detailed.sol":{"l":{"19":0,"20":0,"21":0,"28":0,"36":0,"52":0},"path":"/home/zmg/GoalZapp/contracts/ERC20Detailed.sol","s":{"1":0,"2":0,"3":0,"4":0,"5":0,"6":0},"b":{},"f":{"1":0,"2":0,"3":0,"4":0},"fnMap":{"1":{"name":"constructor","line":18,"loc":{"start":{"line":18,"column":4},"end":{"line":18,"column":79}}},"2":{"name":"name","line":27,"loc":{"start":{"line":27,"column":4},"end":{"line":27,"column":53}}},"3":{"name":"symbol","line":35,"loc":{"start":{"line":35,"column":4},"end":{"line":35,"column":55}}},"4":{"name":"decimals","line":51,"loc":{"start":{"line":51,"column":4},"end":{"line":51,"column":49}}}},"statementMap":{"1":{"start":{"line":19,"column":8},"end":{"line":19,"column":19}},"2":{"start":{"line":20,"column":8},"end":{"line":20,"column":23}},"3":{"start":{"line":21,"column":8},"end":{"line":21,"column":27}},"4":{"start":{"line":28,"column":8},"end":{"line":28,"column":20}},"5":{"start":{"line":36,"column":8},"end":{"line":36,"column":22}},"6":{"start":{"line":52,"column":8},"end":{"line":52,"column":24}}},"branchMap":{}},"contracts/ERC20Mock.sol":{"l":{"8":90,"12":5,"16":10,"20":16,"24":14,"28":12},"path":"/home/zmg/GoalZapp/contracts/ERC20Mock.sol","s":{"1":90,"2":5,"3":10,"4":16,"5":14,"6":12},"b":{},"f":{"1":90,"2":5,"3":10,"4":16,"5":14,"6":12},"fnMap":{"1":{"name":"constructor","line":7,"loc":{"start":{"line":7,"column":4},"end":{"line":7,"column":69}}},"2":{"name":"mint","line":11,"loc":{"start":{"line":11,"column":4},"end":{"line":11,"column":55}}},"3":{"name":"burn","line":15,"loc":{"start":{"line":15,"column":4},"end":{"line":15,"column":55}}},"4":{"name":"burnFrom","line":19,"loc":{"start":{"line":19,"column":4},"end":{"line":19,"column":59}}},"5":{"name":"transferInternal","line":23,"loc":{"start":{"line":23,"column":4},"end":{"line":23,"column":75}}},"6":{"name":"approveInternal","line":27,"loc":{"start":{"line":27,"column":4},"end":{"line":27,"column":80}}}},"statementMap":{"1":{"start":{"line":8,"column":8},"end":{"line":8,"column":44}},"2":{"start":{"line":12,"column":8},"end":{"line":12,"column":29}},"3":{"start":{"line":16,"column":8},"end":{"line":16,"column":29}},"4":{"start":{"line":20,"column":8},"end":{"line":20,"column":33}},"5":{"start":{"line":24,"column":8},"end":{"line":24,"column":33}},"6":{"start":{"line":28,"column":8},"end":{"line":28,"column":38}}},"branchMap":{}},"contracts/EscrowRole.sol":{"l":{"14":20,"15":20,"19":29,"20":29,"24":49,"28":29,"29":29,"30":29},"path":"/home/zmg/GoalZapp/contracts/EscrowRole.sol","s":{"1":20,"2":29,"3":49,"4":29,"5":29,"6":29},"b":{"1":[20,0],"2":[29,0]},"f":{"1":20,"2":29,"3":49,"4":29},"fnMap":{"1":{"name":"onlyEscrowRole","line":13,"loc":{"start":{"line":13,"column":4},"end":{"line":13,"column":27}}},"2":{"name":"notSet","line":18,"loc":{"start":{"line":18,"column":4},"end":{"line":18,"column":34}}},"3":{"name":"isEscrow","line":23,"loc":{"start":{"line":23,"column":4},"end":{"line":23,"column":63}}},"4":{"name":"_addEscrowRole","line":27,"loc":{"start":{"line":27,"column":4},"end":{"line":27,"column":67}}}},"statementMap":{"1":{"start":{"line":14,"column":8},"end":{"line":14,"column":89}},"2":{"start":{"line":19,"column":6},"end":{"line":19,"column":59}},"3":{"start":{"line":24,"column":8},"end":{"line":24,"column":35}},"4":{"start":{"line":28,"column":8},"end":{"line":28,"column":27}},"5":{"start":{"line":29,"column":8},"end":{"line":29,"column":37}},"6":{"start":{"line":30,"column":8},"end":{"line":30,"column":19}}},"branchMap":{"1":{"line":14,"type":"if","locations":[{"start":{"line":14,"column":8},"end":{"line":14,"column":8}},{"start":{"line":14,"column":8},"end":{"line":14,"column":8}}]},"2":{"line":19,"type":"if","locations":[{"start":{"line":19,"column":6},"end":{"line":19,"column":6}},{"start":{"line":19,"column":6},"end":{"line":19,"column":6}}]}}},"contracts/GoalEscrowTestVersion.sol":{"l":{"63":31,"64":31,"65":29,"66":29,"67":29,"68":29,"69":29,"70":29,"71":29,"72":29,"73":29,"77":0,"78":0,"79":0,"81":0,"82":0,"83":0,"87":30,"88":30,"89":0,"91":30,"92":30,"93":30,"94":30,"96":28,"106":30,"107":30,"108":28,"109":28,"118":26,"120":26,"121":26,"122":26,"124":26,"125":26,"126":26,"127":26,"128":26,"133":0,"134":0,"135":0,"137":0,"138":0,"139":0,"140":0,"144":26,"145":26,"146":26,"147":26,"148":26,"153":0,"154":0,"155":0,"156":0,"157":0,"162":0,"166":0,"167":0,"168":0,"169":0,"175":2,"176":2,"177":2,"178":2,"179":2,"181":2,"182":2,"183":2,"185":2,"186":2,"188":2,"192":2,"193":2,"194":2,"195":2,"206":1,"210":0,"214":1,"219":0,"221":0,"223":0,"228":8,"229":8,"231":8,"232":8,"233":8,"234":8,"236":8,"237":8,"238":8,"239":8,"241":8,"242":8,"246":8,"247":8,"248":8,"249":8,"250":8,"251":8,"253":8,"261":2,"262":2,"263":2,"264":2,"265":2,"266":2,"267":2,"269":2,"273":2,"274":2,"276":2,"277":2},"path":"/home/zmg/GoalZapp/contracts/GoalEscrowTestVersion.sol","s":{"1":31,"2":31,"3":29,"4":29,"5":29,"6":29,"7":29,"8":29,"9":29,"10":29,"11":29,"12":0,"13":0,"14":0,"15":0,"16":0,"17":0,"18":30,"19":30,"20":0,"21":30,"22":30,"23":30,"24":30,"25":28,"26":30,"27":30,"28":28,"29":28,"30":26,"31":26,"32":26,"33":26,"34":26,"35":26,"36":26,"37":26,"38":26,"39":0,"40":0,"41":0,"42":0,"43":0,"44":0,"45":0,"46":26,"47":26,"48":26,"49":26,"50":26,"51":0,"52":0,"53":0,"54":0,"55":0,"56":0,"57":0,"58":0,"59":0,"60":0,"61":2,"62":2,"63":2,"64":2,"65":2,"66":2,"67":2,"68":2,"69":2,"70":2,"71":2,"72":2,"73":2,"74":2,"75":2,"76":1,"77":0,"78":1,"79":0,"80":0,"81":0,"82":8,"83":8,"84":8,"85":8,"86":8,"87":8,"88":8,"89":8,"90":8,"91":8,"92":8,"93":8,"94":8,"95":8,"96":8,"97":8,"98":8,"99":8,"100":8,"101":2,"102":2,"103":2,"104":2,"105":2,"106":2,"107":2,"108":2,"109":2,"110":2,"111":2,"112":2},"b":{"1":[31,0],"2":[29,2],"3":[29,0],"4":[0,0],"5":[0,0],"6":[30,0],"7":[0,30],"8":[30,0],"9":[26,0],"10":[0,0],"11":[2,0],"12":[2,0],"13":[2,0],"14":[8,0],"15":[8,0],"16":[8,0],"17":[2,0],"18":[2,0]},"f":{"1":31,"2":0,"3":30,"4":30,"5":26,"6":0,"7":26,"8":0,"9":0,"10":0,"11":2,"12":1,"13":0,"14":1,"15":0,"16":8,"17":2},"fnMap":{"1":{"name":"initMaster","line":62,"loc":{"start":{"line":62,"column":2},"end":{"line":62,"column":72}}},"2":{"name":"newGoalInit","line":76,"loc":{"start":{"line":76,"column":2},"end":{"line":76,"column":72}}},"3":{"name":"newGoalInitAndFund","line":86,"loc":{"start":{"line":86,"column":2},"end":{"line":86,"column":117}}},"4":{"name":"fundEscrow","line":105,"loc":{"start":{"line":105,"column":2},"end":{"line":105,"column":80}}},"5":{"name":"depositOnSuggestTestVersion","line":116,"loc":{"start":{"line":116,"column":2},"end":{"line":116,"column":101}}},"6":{"name":"depositOnSuggest","line":131,"loc":{"start":{"line":131,"column":2},"end":{"line":131,"column":78}}},"7":{"name":"setSuggestionTimeOutTestVersion","line":143,"loc":{"start":{"line":143,"column":2},"end":{"line":143,"column":62}}},"8":{"name":"setSuggestionTimeOut","line":152,"loc":{"start":{"line":152,"column":2},"end":{"line":152,"column":52}}},"9":{"name":"checkForTimedOutSuggestions","line":161,"loc":{"start":{"line":161,"column":2},"end":{"line":161,"column":61}}},"10":{"name":"schedule_returnBondsOnTimeOut","line":165,"loc":{"start":{"line":165,"column":2},"end":{"line":165,"column":154}}},"11":{"name":"returnBondsOnTimeOut","line":174,"loc":{"start":{"line":174,"column":2},"end":{"line":174,"column":51}}},"12":{"name":"getSuggestionDuration","line":205,"loc":{"start":{"line":205,"column":2},"end":{"line":205,"column":63}}},"13":{"name":"suggestionExpires","line":209,"loc":{"start":{"line":209,"column":2},"end":{"line":209,"column":71}}},"14":{"name":"suggesterBond","line":213,"loc":{"start":{"line":213,"column":2},"end":{"line":213,"column":68}}},"15":{"name":"schedule_removeTokenTimeProtection","line":217,"loc":{"start":{"line":217,"column":2},"end":{"line":218,"column":12}}},"16":{"name":"disburseOnAccept","line":227,"loc":{"start":{"line":227,"column":2},"end":{"line":227,"column":76}}},"17":{"name":"returnBondsOnReject","line":259,"loc":{"start":{"line":259,"column":2},"end":{"line":259,"column":79}}}},"statementMap":{"1":{"start":{"line":63,"column":4},"end":{"line":63,"column":99}},"2":{"start":{"line":64,"column":4},"end":{"line":64,"column":73}},"3":{"start":{"line":65,"column":4},"end":{"line":65,"column":81}},"4":{"start":{"line":66,"column":4},"end":{"line":66,"column":17}},"5":{"start":{"line":67,"column":4},"end":{"line":67,"column":19}},"6":{"start":{"line":68,"column":4},"end":{"line":68,"column":22}},"7":{"start":{"line":69,"column":4},"end":{"line":69,"column":43}},"8":{"start":{"line":70,"column":4},"end":{"line":70,"column":39}},"9":{"start":{"line":71,"column":4},"end":{"line":71,"column":20}},"10":{"start":{"line":72,"column":4},"end":{"line":72,"column":23}},"11":{"start":{"line":73,"column":4},"end":{"line":73,"column":28}},"12":{"start":{"line":77,"column":4},"end":{"line":77,"column":88}},"13":{"start":{"line":78,"column":4},"end":{"line":78,"column":2521}},"14":{"start":{"line":79,"column":6},"end":{"line":79,"column":44}},"15":{"start":{"line":81,"column":4},"end":{"line":81,"column":28}},"16":{"start":{"line":82,"column":4},"end":{"line":82,"column":25}},"17":{"start":{"line":83,"column":3},"end":{"line":83,"column":28}},"18":{"start":{"line":87,"column":4},"end":{"line":87,"column":88}},"19":{"start":{"line":88,"column":4},"end":{"line":88,"column":2914}},"20":{"start":{"line":89,"column":6},"end":{"line":89,"column":44}},"21":{"start":{"line":91,"column":4},"end":{"line":91,"column":28}},"22":{"start":{"line":92,"column":4},"end":{"line":92,"column":25}},"23":{"start":{"line":93,"column":4},"end":{"line":93,"column":3057}},"24":{"start":{"line":94,"column":6},"end":{"line":94,"column":43}},"25":{"start":{"line":96,"column":3},"end":{"line":96,"column":28}},"26":{"start":{"line":106,"column":3},"end":{"line":106,"column":40}},"27":{"start":{"line":107,"column":3},"end":{"line":107,"column":51}},"28":{"start":{"line":108,"column":3},"end":{"line":108,"column":46}},"29":{"start":{"line":109,"column":3},"end":{"line":109,"column":53}},"30":{"start":{"line":118,"column":4},"end":{"line":118,"column":45}},"31":{"start":{"line":120,"column":4},"end":{"line":120,"column":85}},"32":{"start":{"line":121,"column":4},"end":{"line":121,"column":57}},"33":{"start":{"line":122,"column":4},"end":{"line":122,"column":35}},"34":{"start":{"line":124,"column":4},"end":{"line":124,"column":77}},"35":{"start":{"line":125,"column":4},"end":{"line":125,"column":45}},"36":{"start":{"line":126,"column":4},"end":{"line":126,"column":85}},"37":{"start":{"line":127,"column":4},"end":{"line":127,"column":71}},"38":{"start":{"line":128,"column":4},"end":{"line":128,"column":39}},"39":{"start":{"line":133,"column":4},"end":{"line":133,"column":85}},"40":{"start":{"line":134,"column":4},"end":{"line":134,"column":57}},"41":{"start":{"line":135,"column":4},"end":{"line":135,"column":35}},"42":{"start":{"line":137,"column":4},"end":{"line":137,"column":77}},"43":{"start":{"line":138,"column":4},"end":{"line":138,"column":45}},"44":{"start":{"line":139,"column":4},"end":{"line":139,"column":85}},"45":{"start":{"line":140,"column":4},"end":{"line":140,"column":28}},"46":{"start":{"line":144,"column":3},"end":{"line":144,"column":36}},"47":{"start":{"line":145,"column":3},"end":{"line":145,"column":45}},"48":{"start":{"line":146,"column":3},"end":{"line":146,"column":24}},"49":{"start":{"line":147,"column":3},"end":{"line":147,"column":73}},"50":{"start":{"line":148,"column":3},"end":{"line":148,"column":64}},"51":{"start":{"line":153,"column":4},"end":{"line":153,"column":37}},"52":{"start":{"line":154,"column":4},"end":{"line":154,"column":46}},"53":{"start":{"line":155,"column":4},"end":{"line":155,"column":25}},"54":{"start":{"line":156,"column":4},"end":{"line":156,"column":74}},"55":{"start":{"line":157,"column":4},"end":{"line":157,"column":65}},"56":{"start":{"line":162,"column":6},"end":{"line":162,"column":30}},"57":{"start":{"line":166,"column":3},"end":{"line":166,"column":57}},"58":{"start":{"line":167,"column":3},"end":{"line":167,"column":102}},"59":{"start":{"line":168,"column":3},"end":{"line":168,"column":49}},"60":{"start":{"line":169,"column":3},"end":{"line":169,"column":35}},"61":{"start":{"line":175,"column":4},"end":{"line":175,"column":34}},"62":{"start":{"line":176,"column":4},"end":{"line":176,"column":65}},"63":{"start":{"line":177,"column":4},"end":{"line":177,"column":115}},"64":{"start":{"line":178,"column":4},"end":{"line":178,"column":73}},"65":{"start":{"line":179,"column":4},"end":{"line":179,"column":148}},"66":{"start":{"line":181,"column":4},"end":{"line":181,"column":62}},"67":{"start":{"line":182,"column":4},"end":{"line":182,"column":49}},"68":{"start":{"line":183,"column":4},"end":{"line":183,"column":40}},"69":{"start":{"line":185,"column":4},"end":{"line":185,"column":51}},"70":{"start":{"line":186,"column":4},"end":{"line":186,"column":52}},"71":{"start":{"line":188,"column":4},"end":{"line":188,"column":57}},"72":{"start":{"line":192,"column":4},"end":{"line":192,"column":65}},"73":{"start":{"line":193,"column":4},"end":{"line":193,"column":122}},"74":{"start":{"line":194,"column":4},"end":{"line":194,"column":36}},"75":{"start":{"line":195,"column":4},"end":{"line":195,"column":51}},"76":{"start":{"line":206,"column":6},"end":{"line":206,"column":31}},"77":{"start":{"line":210,"column":4},"end":{"line":210,"column":70}},"78":{"start":{"line":214,"column":4},"end":{"line":214,"column":44}},"79":{"start":{"line":219,"column":3},"end":{"line":219,"column":57}},"80":{"start":{"line":221,"column":3},"end":{"line":221,"column":9157}},"81":{"start":{"line":223,"column":3},"end":{"line":223,"column":52}},"82":{"start":{"line":228,"column":4},"end":{"line":228,"column":73}},"83":{"start":{"line":229,"column":4},"end":{"line":229,"column":130}},"84":{"start":{"line":231,"column":4},"end":{"line":231,"column":49}},"85":{"start":{"line":232,"column":4},"end":{"line":232,"column":40}},"86":{"start":{"line":233,"column":4},"end":{"line":233,"column":51}},"87":{"start":{"line":234,"column":4},"end":{"line":234,"column":52}},"88":{"start":{"line":236,"column":4},"end":{"line":236,"column":127}},"89":{"start":{"line":237,"column":4},"end":{"line":237,"column":46}},"90":{"start":{"line":238,"column":4},"end":{"line":238,"column":38}},"91":{"start":{"line":239,"column":4},"end":{"line":239,"column":39}},"92":{"start":{"line":241,"column":4},"end":{"line":241,"column":80}},"93":{"start":{"line":242,"column":4},"end":{"line":242,"column":57}},"94":{"start":{"line":246,"column":4},"end":{"line":246,"column":65}},"95":{"start":{"line":247,"column":4},"end":{"line":247,"column":122}},"96":{"start":{"line":248,"column":4},"end":{"line":248,"column":54}},"97":{"start":{"line":249,"column":4},"end":{"line":249,"column":36}},"98":{"start":{"line":250,"column":4},"end":{"line":250,"column":51}},"99":{"start":{"line":251,"column":4},"end":{"line":251,"column":52}},"100":{"start":{"line":253,"column":4},"end":{"line":253,"column":57}},"101":{"start":{"line":261,"column":4},"end":{"line":261,"column":73}},"102":{"start":{"line":262,"column":4},"end":{"line":262,"column":129}},"103":{"start":{"line":263,"column":4},"end":{"line":263,"column":62}},"104":{"start":{"line":264,"column":4},"end":{"line":264,"column":49}},"105":{"start":{"line":265,"column":4},"end":{"line":265,"column":40}},"106":{"start":{"line":266,"column":4},"end":{"line":266,"column":51}},"107":{"start":{"line":267,"column":4},"end":{"line":267,"column":52}},"108":{"start":{"line":269,"column":4},"end":{"line":269,"column":57}},"109":{"start":{"line":273,"column":4},"end":{"line":273,"column":65}},"110":{"start":{"line":274,"column":4},"end":{"line":274,"column":121}},"111":{"start":{"line":276,"column":4},"end":{"line":276,"column":36}},"112":{"start":{"line":277,"column":4},"end":{"line":277,"column":51}}},"branchMap":{"1":{"line":63,"type":"if","locations":[{"start":{"line":63,"column":4},"end":{"line":63,"column":4}},{"start":{"line":63,"column":4},"end":{"line":63,"column":4}}]},"2":{"line":64,"type":"if","locations":[{"start":{"line":64,"column":4},"end":{"line":64,"column":4}},{"start":{"line":64,"column":4},"end":{"line":64,"column":4}}]},"3":{"line":65,"type":"if","locations":[{"start":{"line":65,"column":4},"end":{"line":65,"column":4}},{"start":{"line":65,"column":4},"end":{"line":65,"column":4}}]},"4":{"line":77,"type":"if","locations":[{"start":{"line":77,"column":4},"end":{"line":77,"column":4}},{"start":{"line":77,"column":4},"end":{"line":77,"column":4}}]},"5":{"line":78,"type":"if","locations":[{"start":{"line":78,"column":4},"end":{"line":78,"column":4}},{"start":{"line":78,"column":4},"end":{"line":78,"column":4}}]},"6":{"line":87,"type":"if","locations":[{"start":{"line":87,"column":4},"end":{"line":87,"column":4}},{"start":{"line":87,"column":4},"end":{"line":87,"column":4}}]},"7":{"line":88,"type":"if","locations":[{"start":{"line":88,"column":4},"end":{"line":88,"column":4}},{"start":{"line":88,"column":4},"end":{"line":88,"column":4}}]},"8":{"line":93,"type":"if","locations":[{"start":{"line":93,"column":4},"end":{"line":93,"column":4}},{"start":{"line":93,"column":4},"end":{"line":93,"column":4}}]},"9":{"line":124,"type":"if","locations":[{"start":{"line":124,"column":4},"end":{"line":124,"column":4}},{"start":{"line":124,"column":4},"end":{"line":124,"column":4}}]},"10":{"line":137,"type":"if","locations":[{"start":{"line":137,"column":4},"end":{"line":137,"column":4}},{"start":{"line":137,"column":4},"end":{"line":137,"column":4}}]},"11":{"line":177,"type":"if","locations":[{"start":{"line":177,"column":4},"end":{"line":177,"column":4}},{"start":{"line":177,"column":4},"end":{"line":177,"column":4}}]},"12":{"line":179,"type":"if","locations":[{"start":{"line":179,"column":4},"end":{"line":179,"column":4}},{"start":{"line":179,"column":4},"end":{"line":179,"column":4}}]},"13":{"line":193,"type":"if","locations":[{"start":{"line":193,"column":4},"end":{"line":193,"column":4}},{"start":{"line":193,"column":4},"end":{"line":193,"column":4}}]},"14":{"line":229,"type":"if","locations":[{"start":{"line":229,"column":4},"end":{"line":229,"column":4}},{"start":{"line":229,"column":4},"end":{"line":229,"column":4}}]},"15":{"line":236,"type":"if","locations":[{"start":{"line":236,"column":4},"end":{"line":236,"column":4}},{"start":{"line":236,"column":4},"end":{"line":236,"column":4}}]},"16":{"line":247,"type":"if","locations":[{"start":{"line":247,"column":4},"end":{"line":247,"column":4}},{"start":{"line":247,"column":4},"end":{"line":247,"column":4}}]},"17":{"line":262,"type":"if","locations":[{"start":{"line":262,"column":4},"end":{"line":262,"column":4}},{"start":{"line":262,"column":4},"end":{"line":262,"column":4}}]},"18":{"line":274,"type":"if","locations":[{"start":{"line":274,"column":4},"end":{"line":274,"column":4}},{"start":{"line":274,"column":4},"end":{"line":274,"column":4}}]}}},"contracts/GoalOwnerRole.sol":{"l":{"18":42,"19":40,"23":28,"24":26,"28":70,"32":30,"33":30},"path":"/home/zmg/GoalZapp/contracts/GoalOwnerRole.sol","s":{"1":42,"2":28,"3":70,"4":30,"5":30},"b":{"1":[40,2],"2":[26,2]},"f":{"1":34,"2":42,"3":28,"4":70,"5":30},"fnMap":{"1":{"name":"constructor","line":13,"loc":{"start":{"line":13,"column":4},"end":{"line":13,"column":25}}},"2":{"name":"onlyGoalOwner","line":17,"loc":{"start":{"line":17,"column":4},"end":{"line":17,"column":26}}},"3":{"name":"notGoalOwner","line":22,"loc":{"start":{"line":22,"column":4},"end":{"line":22,"column":25}}},"4":{"name":"isGoalOwner","line":27,"loc":{"start":{"line":27,"column":4},"end":{"line":27,"column":66}}},"5":{"name":"_addGoalOwner","line":31,"loc":{"start":{"line":31,"column":4},"end":{"line":31,"column":50}}}},"statementMap":{"1":{"start":{"line":18,"column":8},"end":{"line":18,"column":98}},"2":{"start":{"line":23,"column":1},"end":{"line":23,"column":89}},"3":{"start":{"line":28,"column":8},"end":{"line":28,"column":39}},"4":{"start":{"line":32,"column":8},"end":{"line":32,"column":31}},"5":{"start":{"line":33,"column":8},"end":{"line":33,"column":36}}},"branchMap":{"1":{"line":18,"type":"if","locations":[{"start":{"line":18,"column":8},"end":{"line":18,"column":8}},{"start":{"line":18,"column":8},"end":{"line":18,"column":8}}]},"2":{"line":23,"type":"if","locations":[{"start":{"line":23,"column":1},"end":{"line":23,"column":1}},{"start":{"line":23,"column":1},"end":{"line":23,"column":1}}]}}},"contracts/GoalZappBondingCurve.sol":{"l":{"14":27,"15":27,"16":27},"path":"/home/zmg/GoalZapp/contracts/GoalZappBondingCurve.sol","s":{"1":27,"2":27,"3":27},"b":{},"f":{"1":27},"fnMap":{"1":{"name":"initialize","line":13,"loc":{"start":{"line":13,"column":2},"end":{"line":13,"column":39}}}},"statementMap":{"1":{"start":{"line":14,"column":4},"end":{"line":14,"column":26}},"2":{"start":{"line":15,"column":4},"end":{"line":15,"column":31}},"3":{"start":{"line":16,"column":4},"end":{"line":16,"column":36}}},"branchMap":{}},"contracts/GoalZappTokenSystem.sol":{"l":{},"path":"/home/zmg/GoalZapp/contracts/GoalZappTokenSystem.sol","s":{},"b":{},"f":{},"fnMap":{},"statementMap":{},"branchMap":{}},"contracts/IERC20.sol":{"l":{},"path":"/home/zmg/GoalZapp/contracts/IERC20.sol","s":{},"b":{},"f":{},"fnMap":{},"statementMap":{},"branchMap":{}},"contracts/Mocks/BondingCurveMock.sol":{"l":{"13":0,"14":0,"15":0,"16":0,"18":0,"19":0},"path":"/home/zmg/GoalZapp/contracts/Mocks/BondingCurveMock.sol","s":{"1":0,"2":0,"3":0,"4":0,"5":0,"6":0},"b":{},"f":{"1":0},"fnMap":{"1":{"name":"constructor","line":7,"loc":{"start":{"line":7,"column":2},"end":{"line":11,"column":3}}}},"statementMap":{"1":{"start":{"line":13,"column":4},"end":{"line":13,"column":33}},"2":{"start":{"line":14,"column":4},"end":{"line":14,"column":32}},"3":{"start":{"line":15,"column":4},"end":{"line":15,"column":25}},"4":{"start":{"line":16,"column":4},"end":{"line":16,"column":26}},"5":{"start":{"line":18,"column":4},"end":{"line":18,"column":37}},"6":{"start":{"line":19,"column":4},"end":{"line":19,"column":55}}},"branchMap":{}},"contracts/Mocks/ERC20Mock.sol":{"l":{"8":0,"12":0,"16":0,"20":0,"24":0,"28":0},"path":"/home/zmg/GoalZapp/contracts/Mocks/ERC20Mock.sol","s":{"1":0,"2":0,"3":0,"4":0,"5":0,"6":0},"b":{},"f":{"1":0,"2":0,"3":0,"4":0,"5":0,"6":0},"fnMap":{"1":{"name":"constructor","line":7,"loc":{"start":{"line":7,"column":4},"end":{"line":7,"column":69}}},"2":{"name":"mint","line":11,"loc":{"start":{"line":11,"column":4},"end":{"line":11,"column":55}}},"3":{"name":"burn","line":15,"loc":{"start":{"line":15,"column":4},"end":{"line":15,"column":55}}},"4":{"name":"burnFrom","line":19,"loc":{"start":{"line":19,"column":4},"end":{"line":19,"column":59}}},"5":{"name":"transferInternal","line":23,"loc":{"start":{"line":23,"column":4},"end":{"line":23,"column":75}}},"6":{"name":"approveInternal","line":27,"loc":{"start":{"line":27,"column":4},"end":{"line":27,"column":80}}}},"statementMap":{"1":{"start":{"line":8,"column":8},"end":{"line":8,"column":44}},"2":{"start":{"line":12,"column":8},"end":{"line":12,"column":29}},"3":{"start":{"line":16,"column":8},"end":{"line":16,"column":29}},"4":{"start":{"line":20,"column":8},"end":{"line":20,"column":33}},"5":{"start":{"line":24,"column":8},"end":{"line":24,"column":33}},"6":{"start":{"line":28,"column":8},"end":{"line":28,"column":38}}},"branchMap":{}},"contracts/Ownable.sol":{"l":{"21":31,"22":31,"29":0,"36":2,"37":2,"44":2,"55":0,"56":0,"64":0,"71":0,"72":0,"73":0},"path":"/home/zmg/GoalZapp/contracts/Ownable.sol","s":{"1":31,"2":31,"3":0,"4":2,"5":2,"6":0,"7":0,"8":0,"9":0,"10":0,"11":0},"b":{"1":[2,0],"2":[0,0]},"f":{"1":31,"2":0,"3":2,"4":2,"5":0,"6":0,"7":0},"fnMap":{"1":{"name":"constructor","line":20,"loc":{"start":{"line":20,"column":4},"end":{"line":20,"column":25}}},"2":{"name":"owner","line":28,"loc":{"start":{"line":28,"column":4},"end":{"line":28,"column":48}}},"3":{"name":"onlyOwner","line":35,"loc":{"start":{"line":35,"column":4},"end":{"line":35,"column":22}}},"4":{"name":"isOwner","line":43,"loc":{"start":{"line":43,"column":4},"end":{"line":43,"column":47}}},"5":{"name":"renounceOwnership","line":54,"loc":{"start":{"line":54,"column":4},"end":{"line":54,"column":47}}},"6":{"name":"transferOwnership","line":63,"loc":{"start":{"line":63,"column":4},"end":{"line":63,"column":63}}},"7":{"name":"_transferOwnership","line":70,"loc":{"start":{"line":70,"column":4},"end":{"line":70,"column":56}}}},"statementMap":{"1":{"start":{"line":21,"column":8},"end":{"line":21,"column":26}},"2":{"start":{"line":22,"column":8},"end":{"line":22,"column":53}},"3":{"start":{"line":29,"column":8},"end":{"line":29,"column":21}},"4":{"start":{"line":36,"column":8},"end":{"line":36,"column":61}},"5":{"start":{"line":44,"column":8},"end":{"line":44,"column":35}},"6":{"start":{"line":55,"column":8},"end":{"line":55,"column":53}},"7":{"start":{"line":56,"column":8},"end":{"line":56,"column":26}},"8":{"start":{"line":64,"column":8},"end":{"line":64,"column":35}},"9":{"start":{"line":71,"column":8},"end":{"line":71,"column":80}},"10":{"start":{"line":72,"column":8},"end":{"line":72,"column":51}},"11":{"start":{"line":73,"column":8},"end":{"line":73,"column":24}}},"branchMap":{"1":{"line":36,"type":"if","locations":[{"start":{"line":36,"column":8},"end":{"line":36,"column":8}},{"start":{"line":36,"column":8},"end":{"line":36,"column":8}}]},"2":{"line":71,"type":"if","locations":[{"start":{"line":71,"column":8},"end":{"line":71,"column":8}},{"start":{"line":71,"column":8},"end":{"line":71,"column":8}}]}}},"contracts/Power.sol":{"l":{"74":31,"75":31,"76":31,"77":31,"78":31,"79":31,"80":31,"81":31,"82":31,"83":31,"84":31,"85":31,"86":31,"87":31,"88":31,"89":31,"90":31,"91":31,"92":31,"93":31,"94":31,"95":31,"96":31,"97":31,"98":31,"99":31,"100":31,"101":31,"102":31,"103":31,"104":31,"105":31,"106":31,"107":31,"108":31,"109":31,"110":31,"111":31,"112":31,"113":31,"114":31,"115":31,"116":31,"117":31,"118":31,"119":31,"120":31,"121":31,"122":31,"123":31,"124":31,"125":31,"126":31,"127":31,"128":31,"129":31,"130":31,"131":31,"132":31,"133":31,"134":31,"135":31,"136":31,"137":31,"138":31,"139":31,"140":31,"141":31,"142":31,"143":31,"144":31,"145":31,"146":31,"147":31,"148":31,"149":31,"150":31,"151":31,"152":31,"153":31,"154":31,"155":31,"156":31,"157":31,"158":31,"159":31,"160":31,"161":31,"162":31,"163":31,"164":31,"165":31,"166":31,"167":31,"168":31,"169":31,"190":6,"191":6,"192":6,"203":6,"205":6,"206":6,"209":6,"210":4,"211":4,"212":4,"216":6,"217":5,"218":635,"219":635,"220":385,"221":385,"226":6,"233":4,"234":4,"236":4,"238":4,"239":8,"240":8,"244":0,"245":0,"246":0,"247":0,"252":4,"261":6,"262":6,"264":6,"265":42,"266":42,"267":33,"269":9,"272":6,"273":3,"274":3,"275":3,"277":0,"278":0,"289":6,"290":6,"292":6,"293":6,"294":6,"295":6,"296":6,"297":6,"298":6,"299":6,"300":6,"301":6,"302":6,"303":6,"304":6,"305":6,"306":6,"307":6,"308":6,"309":6,"310":6,"311":6,"312":6,"313":6,"314":6,"315":6,"316":6,"317":6,"318":6,"319":6,"320":6,"321":6,"322":6,"323":6,"324":6,"325":6,"326":6,"327":6,"328":6,"329":6,"330":6,"331":6,"332":6,"333":6,"334":6,"335":6,"336":6,"337":6,"338":6,"339":6,"340":6,"341":6,"342":6,"343":6,"344":6,"345":6,"346":6,"347":6,"348":6,"349":6,"350":6,"351":6,"352":6,"353":6,"354":6,"355":6,"357":6},"path":"/home/zmg/GoalZapp/contracts/Power.sol","s":{"1":31,"2":31,"3":31,"4":31,"5":31,"6":31,"7":31,"8":31,"9":31,"10":31,"11":31,"12":31,"13":31,"14":31,"15":31,"16":31,"17":31,"18":31,"19":31,"20":31,"21":31,"22":31,"23":31,"24":31,"25":31,"26":31,"27":31,"28":31,"29":31,"30":31,"31":31,"32":31,"33":31,"34":31,"35":31,"36":31,"37":31,"38":31,"39":31,"40":31,"41":31,"42":31,"43":31,"44":31,"45":31,"46":31,"47":31,"48":31,"49":31,"50":31,"51":31,"52":31,"53":31,"54":31,"55":31,"56":31,"57":31,"58":31,"59":31,"60":31,"61":31,"62":31,"63":31,"64":31,"65":31,"66":31,"67":31,"68":31,"69":31,"70":31,"71":31,"72":31,"73":31,"74":31,"75":31,"76":31,"77":31,"78":31,"79":31,"80":31,"81":31,"82":31,"83":31,"84":31,"85":31,"86":31,"87":31,"88":31,"89":31,"90":31,"91":31,"92":31,"93":31,"94":31,"95":31,"96":31,"97":6,"98":6,"99":6,"100":6,"101":6,"102":6,"103":6,"104":4,"105":4,"106":4,"107":6,"108":5,"109":635,"110":635,"111":385,"112":385,"113":6,"114":4,"115":4,"116":4,"117":4,"118":8,"119":8,"120":0,"121":0,"122":0,"123":0,"124":4,"125":6,"126":6,"127":6,"128":42,"129":42,"130":33,"131":9,"132":6,"133":3,"134":3,"135":3,"136":0,"137":0,"138":6,"139":6,"140":6,"141":6,"142":6,"143":6,"144":6,"145":6,"146":6,"147":6,"148":6,"149":6,"150":6,"151":6,"152":6,"153":6,"154":6,"155":6,"156":6,"157":6,"158":6,"159":6,"160":6,"161":6,"162":6,"163":6,"164":6,"165":6,"166":6,"167":6,"168":6,"169":6,"170":6,"171":6,"172":6,"173":6,"174":6,"175":6,"176":6,"177":6,"178":6,"179":6,"180":6,"181":6,"182":6,"183":6,"184":6,"185":6,"186":6,"187":6,"188":6,"189":6,"190":6,"191":6,"192":6,"193":6,"194":6,"195":6,"196":6,"197":6,"198":6,"199":6,"200":6,"201":6,"202":6,"203":6,"204":6},"b":{"1":[6,0],"2":[4,2],"3":[5,1],"4":[385,250],"5":[4,0],"6":[0,0],"7":[33,9],"8":[3,3],"9":[3,0],"10":[0,0]},"f":{"1":31,"2":6,"3":6,"4":4,"5":6,"6":6},"fnMap":{"1":{"name":"constructor","line":41,"loc":{"start":{"line":41,"column":2},"end":{"line":41,"column":24}}},"2":{"name":"power","line":189,"loc":{"start":{"line":189,"column":2},"end":{"line":189,"column":115}}},"3":{"name":"ln","line":202,"loc":{"start":{"line":202,"column":2},"end":{"line":202,"column":87}}},"4":{"name":"floorLog2","line":232,"loc":{"start":{"line":232,"column":2},"end":{"line":232,"column":62}}},"5":{"name":"findPositionInMaxExpArray","line":260,"loc":{"start":{"line":260,"column":2},"end":{"line":260,"column":78}}},"6":{"name":"fixedExp","line":288,"loc":{"start":{"line":288,"column":2},"end":{"line":288,"column":81}}}},"statementMap":{"1":{"start":{"line":74,"column":4},"end":{"line":74,"column":58}},"2":{"start":{"line":75,"column":4},"end":{"line":75,"column":58}},"3":{"start":{"line":76,"column":4},"end":{"line":76,"column":58}},"4":{"start":{"line":77,"column":4},"end":{"line":77,"column":58}},"5":{"start":{"line":78,"column":4},"end":{"line":78,"column":58}},"6":{"start":{"line":79,"column":4},"end":{"line":79,"column":58}},"7":{"start":{"line":80,"column":4},"end":{"line":80,"column":58}},"8":{"start":{"line":81,"column":4},"end":{"line":81,"column":58}},"9":{"start":{"line":82,"column":4},"end":{"line":82,"column":58}},"10":{"start":{"line":83,"column":4},"end":{"line":83,"column":58}},"11":{"start":{"line":84,"column":4},"end":{"line":84,"column":58}},"12":{"start":{"line":85,"column":4},"end":{"line":85,"column":58}},"13":{"start":{"line":86,"column":4},"end":{"line":86,"column":58}},"14":{"start":{"line":87,"column":4},"end":{"line":87,"column":58}},"15":{"start":{"line":88,"column":4},"end":{"line":88,"column":58}},"16":{"start":{"line":89,"column":4},"end":{"line":89,"column":58}},"17":{"start":{"line":90,"column":4},"end":{"line":90,"column":58}},"18":{"start":{"line":91,"column":4},"end":{"line":91,"column":58}},"19":{"start":{"line":92,"column":4},"end":{"line":92,"column":58}},"20":{"start":{"line":93,"column":4},"end":{"line":93,"column":58}},"21":{"start":{"line":94,"column":4},"end":{"line":94,"column":58}},"22":{"start":{"line":95,"column":4},"end":{"line":95,"column":58}},"23":{"start":{"line":96,"column":4},"end":{"line":96,"column":58}},"24":{"start":{"line":97,"column":4},"end":{"line":97,"column":58}},"25":{"start":{"line":98,"column":4},"end":{"line":98,"column":58}},"26":{"start":{"line":99,"column":4},"end":{"line":99,"column":58}},"27":{"start":{"line":100,"column":4},"end":{"line":100,"column":58}},"28":{"start":{"line":101,"column":4},"end":{"line":101,"column":58}},"29":{"start":{"line":102,"column":4},"end":{"line":102,"column":58}},"30":{"start":{"line":103,"column":4},"end":{"line":103,"column":58}},"31":{"start":{"line":104,"column":4},"end":{"line":104,"column":58}},"32":{"start":{"line":105,"column":4},"end":{"line":105,"column":58}},"33":{"start":{"line":106,"column":4},"end":{"line":106,"column":58}},"34":{"start":{"line":107,"column":4},"end":{"line":107,"column":58}},"35":{"start":{"line":108,"column":4},"end":{"line":108,"column":58}},"36":{"start":{"line":109,"column":4},"end":{"line":109,"column":58}},"37":{"start":{"line":110,"column":4},"end":{"line":110,"column":58}},"38":{"start":{"line":111,"column":4},"end":{"line":111,"column":58}},"39":{"start":{"line":112,"column":4},"end":{"line":112,"column":58}},"40":{"start":{"line":113,"column":4},"end":{"line":113,"column":58}},"41":{"start":{"line":114,"column":4},"end":{"line":114,"column":58}},"42":{"start":{"line":115,"column":4},"end":{"line":115,"column":58}},"43":{"start":{"line":116,"column":4},"end":{"line":116,"column":58}},"44":{"start":{"line":117,"column":4},"end":{"line":117,"column":58}},"45":{"start":{"line":118,"column":4},"end":{"line":118,"column":58}},"46":{"start":{"line":119,"column":4},"end":{"line":119,"column":58}},"47":{"start":{"line":120,"column":4},"end":{"line":120,"column":58}},"48":{"start":{"line":121,"column":4},"end":{"line":121,"column":58}},"49":{"start":{"line":122,"column":4},"end":{"line":122,"column":58}},"50":{"start":{"line":123,"column":4},"end":{"line":123,"column":58}},"51":{"start":{"line":124,"column":4},"end":{"line":124,"column":58}},"52":{"start":{"line":125,"column":4},"end":{"line":125,"column":58}},"53":{"start":{"line":126,"column":4},"end":{"line":126,"column":58}},"54":{"start":{"line":127,"column":4},"end":{"line":127,"column":58}},"55":{"start":{"line":128,"column":4},"end":{"line":128,"column":58}},"56":{"start":{"line":129,"column":4},"end":{"line":129,"column":58}},"57":{"start":{"line":130,"column":4},"end":{"line":130,"column":58}},"58":{"start":{"line":131,"column":4},"end":{"line":131,"column":58}},"59":{"start":{"line":132,"column":4},"end":{"line":132,"column":58}},"60":{"start":{"line":133,"column":4},"end":{"line":133,"column":58}},"61":{"start":{"line":134,"column":4},"end":{"line":134,"column":58}},"62":{"start":{"line":135,"column":4},"end":{"line":135,"column":58}},"63":{"start":{"line":136,"column":4},"end":{"line":136,"column":58}},"64":{"start":{"line":137,"column":4},"end":{"line":137,"column":58}},"65":{"start":{"line":138,"column":4},"end":{"line":138,"column":58}},"66":{"start":{"line":139,"column":4},"end":{"line":139,"column":58}},"67":{"start":{"line":140,"column":4},"end":{"line":140,"column":58}},"68":{"start":{"line":141,"column":4},"end":{"line":141,"column":58}},"69":{"start":{"line":142,"column":4},"end":{"line":142,"column":58}},"70":{"start":{"line":143,"column":4},"end":{"line":143,"column":58}},"71":{"start":{"line":144,"column":4},"end":{"line":144,"column":58}},"72":{"start":{"line":145,"column":4},"end":{"line":145,"column":58}},"73":{"start":{"line":146,"column":4},"end":{"line":146,"column":58}},"74":{"start":{"line":147,"column":4},"end":{"line":147,"column":58}},"75":{"start":{"line":148,"column":4},"end":{"line":148,"column":58}},"76":{"start":{"line":149,"column":4},"end":{"line":149,"column":58}},"77":{"start":{"line":150,"column":4},"end":{"line":150,"column":58}},"78":{"start":{"line":151,"column":4},"end":{"line":151,"column":58}},"79":{"start":{"line":152,"column":4},"end":{"line":152,"column":58}},"80":{"start":{"line":153,"column":4},"end":{"line":153,"column":58}},"81":{"start":{"line":154,"column":4},"end":{"line":154,"column":58}},"82":{"start":{"line":155,"column":4},"end":{"line":155,"column":58}},"83":{"start":{"line":156,"column":4},"end":{"line":156,"column":58}},"84":{"start":{"line":157,"column":4},"end":{"line":157,"column":58}},"85":{"start":{"line":158,"column":4},"end":{"line":158,"column":58}},"86":{"start":{"line":159,"column":4},"end":{"line":159,"column":58}},"87":{"start":{"line":160,"column":4},"end":{"line":160,"column":58}},"88":{"start":{"line":161,"column":4},"end":{"line":161,"column":58}},"89":{"start":{"line":162,"column":4},"end":{"line":162,"column":58}},"90":{"start":{"line":163,"column":4},"end":{"line":163,"column":58}},"91":{"start":{"line":164,"column":4},"end":{"line":164,"column":58}},"92":{"start":{"line":165,"column":4},"end":{"line":165,"column":58}},"93":{"start":{"line":166,"column":4},"end":{"line":166,"column":58}},"94":{"start":{"line":167,"column":4},"end":{"line":167,"column":58}},"95":{"start":{"line":168,"column":4},"end":{"line":168,"column":58}},"96":{"start":{"line":169,"column":4},"end":{"line":169,"column":58}},"97":{"start":{"line":190,"column":4},"end":{"line":190,"column":63}},"98":{"start":{"line":191,"column":4},"end":{"line":191,"column":63}},"99":{"start":{"line":192,"column":4},"end":{"line":192,"column":90}},"100":{"start":{"line":203,"column":4},"end":{"line":203,"column":32}},"101":{"start":{"line":205,"column":4},"end":{"line":205,"column":19}},"102":{"start":{"line":206,"column":4},"end":{"line":206,"column":51}},"103":{"start":{"line":209,"column":4},"end":{"line":209,"column":11735}},"104":{"start":{"line":210,"column":6},"end":{"line":210,"column":42}},"105":{"start":{"line":211,"column":6},"end":{"line":211,"column":16}},"106":{"start":{"line":212,"column":6},"end":{"line":212,"column":26}},"107":{"start":{"line":216,"column":4},"end":{"line":216,"column":11958}},"108":{"start":{"line":217,"column":6},"end":{"line":217,"column":11985}},"109":{"start":{"line":218,"column":8},"end":{"line":218,"column":28}},"110":{"start":{"line":219,"column":8},"end":{"line":219,"column":12087}},"111":{"start":{"line":220,"column":10},"end":{"line":220,"column":16}},"112":{"start":{"line":221,"column":10},"end":{"line":221,"column":30}},"113":{"start":{"line":226,"column":4},"end":{"line":226,"column":47}},"114":{"start":{"line":233,"column":4},"end":{"line":233,"column":17}},"115":{"start":{"line":234,"column":4},"end":{"line":234,"column":18}},"116":{"start":{"line":236,"column":4},"end":{"line":236,"column":12463}},"117":{"start":{"line":238,"column":6},"end":{"line":238,"column":12516}},"118":{"start":{"line":239,"column":8},"end":{"line":239,"column":14}},"119":{"start":{"line":240,"column":8},"end":{"line":240,"column":15}},"120":{"start":{"line":244,"column":6},"end":{"line":244,"column":12624}},"121":{"start":{"line":245,"column":8},"end":{"line":245,"column":12672}},"122":{"start":{"line":246,"column":10},"end":{"line":246,"column":16}},"123":{"start":{"line":247,"column":10},"end":{"line":247,"column":17}},"124":{"start":{"line":252,"column":4},"end":{"line":252,"column":14}},"125":{"start":{"line":261,"column":4},"end":{"line":261,"column":28}},"126":{"start":{"line":262,"column":4},"end":{"line":262,"column":28}},"127":{"start":{"line":264,"column":4},"end":{"line":264,"column":13267}},"128":{"start":{"line":265,"column":6},"end":{"line":265,"column":31}},"129":{"start":{"line":266,"column":6},"end":{"line":266,"column":13340}},"130":{"start":{"line":267,"column":8},"end":{"line":267,"column":15}},"131":{"start":{"line":269,"column":8},"end":{"line":269,"column":15}},"132":{"start":{"line":272,"column":4},"end":{"line":272,"column":13427}},"133":{"start":{"line":273,"column":8},"end":{"line":273,"column":17}},"134":{"start":{"line":274,"column":4},"end":{"line":274,"column":13477}},"135":{"start":{"line":275,"column":8},"end":{"line":275,"column":17}},"136":{"start":{"line":277,"column":4},"end":{"line":277,"column":16}},"137":{"start":{"line":278,"column":4},"end":{"line":278,"column":12}},"138":{"start":{"line":289,"column":4},"end":{"line":289,"column":19}},"139":{"start":{"line":290,"column":4},"end":{"line":290,"column":19}},"140":{"start":{"line":292,"column":4},"end":{"line":292,"column":31}},"141":{"start":{"line":293,"column":4},"end":{"line":293,"column":49}},"142":{"start":{"line":294,"column":4},"end":{"line":294,"column":31}},"143":{"start":{"line":295,"column":4},"end":{"line":295,"column":49}},"144":{"start":{"line":296,"column":4},"end":{"line":296,"column":31}},"145":{"start":{"line":297,"column":4},"end":{"line":297,"column":49}},"146":{"start":{"line":298,"column":4},"end":{"line":298,"column":31}},"147":{"start":{"line":299,"column":4},"end":{"line":299,"column":49}},"148":{"start":{"line":300,"column":4},"end":{"line":300,"column":31}},"149":{"start":{"line":301,"column":4},"end":{"line":301,"column":49}},"150":{"start":{"line":302,"column":4},"end":{"line":302,"column":31}},"151":{"start":{"line":303,"column":4},"end":{"line":303,"column":49}},"152":{"start":{"line":304,"column":4},"end":{"line":304,"column":31}},"153":{"start":{"line":305,"column":4},"end":{"line":305,"column":49}},"154":{"start":{"line":306,"column":4},"end":{"line":306,"column":31}},"155":{"start":{"line":307,"column":4},"end":{"line":307,"column":49}},"156":{"start":{"line":308,"column":4},"end":{"line":308,"column":31}},"157":{"start":{"line":309,"column":4},"end":{"line":309,"column":49}},"158":{"start":{"line":310,"column":4},"end":{"line":310,"column":31}},"159":{"start":{"line":311,"column":4},"end":{"line":311,"column":49}},"160":{"start":{"line":312,"column":4},"end":{"line":312,"column":31}},"161":{"start":{"line":313,"column":4},"end":{"line":313,"column":49}},"162":{"start":{"line":314,"column":4},"end":{"line":314,"column":31}},"163":{"start":{"line":315,"column":4},"end":{"line":315,"column":49}},"164":{"start":{"line":316,"column":4},"end":{"line":316,"column":31}},"165":{"start":{"line":317,"column":4},"end":{"line":317,"column":49}},"166":{"start":{"line":318,"column":4},"end":{"line":318,"column":31}},"167":{"start":{"line":319,"column":4},"end":{"line":319,"column":49}},"168":{"start":{"line":320,"column":4},"end":{"line":320,"column":31}},"169":{"start":{"line":321,"column":4},"end":{"line":321,"column":49}},"170":{"start":{"line":322,"column":4},"end":{"line":322,"column":31}},"171":{"start":{"line":323,"column":4},"end":{"line":323,"column":49}},"172":{"start":{"line":324,"column":4},"end":{"line":324,"column":31}},"173":{"start":{"line":325,"column":4},"end":{"line":325,"column":49}},"174":{"start":{"line":326,"column":4},"end":{"line":326,"column":31}},"175":{"start":{"line":327,"column":4},"end":{"line":327,"column":49}},"176":{"start":{"line":328,"column":4},"end":{"line":328,"column":31}},"177":{"start":{"line":329,"column":4},"end":{"line":329,"column":49}},"178":{"start":{"line":330,"column":4},"end":{"line":330,"column":31}},"179":{"start":{"line":331,"column":4},"end":{"line":331,"column":49}},"180":{"start":{"line":332,"column":4},"end":{"line":332,"column":31}},"181":{"start":{"line":333,"column":4},"end":{"line":333,"column":49}},"182":{"start":{"line":334,"column":4},"end":{"line":334,"column":31}},"183":{"start":{"line":335,"column":4},"end":{"line":335,"column":49}},"184":{"start":{"line":336,"column":4},"end":{"line":336,"column":31}},"185":{"start":{"line":337,"column":4},"end":{"line":337,"column":49}},"186":{"start":{"line":338,"column":4},"end":{"line":338,"column":31}},"187":{"start":{"line":339,"column":4},"end":{"line":339,"column":49}},"188":{"start":{"line":340,"column":4},"end":{"line":340,"column":31}},"189":{"start":{"line":341,"column":4},"end":{"line":341,"column":49}},"190":{"start":{"line":342,"column":4},"end":{"line":342,"column":31}},"191":{"start":{"line":343,"column":4},"end":{"line":343,"column":49}},"192":{"start":{"line":344,"column":4},"end":{"line":344,"column":31}},"193":{"start":{"line":345,"column":4},"end":{"line":345,"column":49}},"194":{"start":{"line":346,"column":4},"end":{"line":346,"column":31}},"195":{"start":{"line":347,"column":4},"end":{"line":347,"column":49}},"196":{"start":{"line":348,"column":4},"end":{"line":348,"column":31}},"197":{"start":{"line":349,"column":4},"end":{"line":349,"column":49}},"198":{"start":{"line":350,"column":4},"end":{"line":350,"column":31}},"199":{"start":{"line":351,"column":4},"end":{"line":351,"column":49}},"200":{"start":{"line":352,"column":4},"end":{"line":352,"column":31}},"201":{"start":{"line":353,"column":4},"end":{"line":353,"column":49}},"202":{"start":{"line":354,"column":4},"end":{"line":354,"column":31}},"203":{"start":{"line":355,"column":4},"end":{"line":355,"column":49}},"204":{"start":{"line":357,"column":4},"end":{"line":357,"column":77}}},"branchMap":{"1":{"line":203,"type":"if","locations":[{"start":{"line":203,"column":4},"end":{"line":203,"column":4}},{"start":{"line":203,"column":4},"end":{"line":203,"column":4}}]},"2":{"line":209,"type":"if","locations":[{"start":{"line":209,"column":4},"end":{"line":209,"column":4}},{"start":{"line":209,"column":4},"end":{"line":209,"column":4}}]},"3":{"line":216,"type":"if","locations":[{"start":{"line":216,"column":4},"end":{"line":216,"column":4}},{"start":{"line":216,"column":4},"end":{"line":216,"column":4}}]},"4":{"line":219,"type":"if","locations":[{"start":{"line":219,"column":8},"end":{"line":219,"column":8}},{"start":{"line":219,"column":8},"end":{"line":219,"column":8}}]},"5":{"line":236,"type":"if","locations":[{"start":{"line":236,"column":4},"end":{"line":236,"column":4}},{"start":{"line":236,"column":4},"end":{"line":236,"column":4}}]},"6":{"line":245,"type":"if","locations":[{"start":{"line":245,"column":8},"end":{"line":245,"column":8}},{"start":{"line":245,"column":8},"end":{"line":245,"column":8}}]},"7":{"line":266,"type":"if","locations":[{"start":{"line":266,"column":6},"end":{"line":266,"column":6}},{"start":{"line":266,"column":6},"end":{"line":266,"column":6}}]},"8":{"line":272,"type":"if","locations":[{"start":{"line":272,"column":4},"end":{"line":272,"column":4}},{"start":{"line":272,"column":4},"end":{"line":272,"column":4}}]},"9":{"line":274,"type":"if","locations":[{"start":{"line":274,"column":4},"end":{"line":274,"column":4}},{"start":{"line":274,"column":4},"end":{"line":274,"column":4}}]},"10":{"line":277,"type":"if","locations":[{"start":{"line":277,"column":4},"end":{"line":277,"column":4}},{"start":{"line":277,"column":4},"end":{"line":277,"column":4}}]}}},"contracts/Protected.sol":{"l":{"17":121,"22":700,"24":4,"27":696,"31":20,"36":0,"41":200},"path":"/home/zmg/GoalZapp/contracts/Protected.sol","s":{"1":121,"2":700,"3":4,"4":20,"5":0,"6":200},"b":{"1":[4,696],"2":[0,4]},"f":{"1":121,"2":700,"3":20,"4":0,"5":200},"fnMap":{"1":{"name":"constructor","line":16,"loc":{"start":{"line":16,"column":4},"end":{"line":16,"column":48}}},"2":{"name":"checkProtectedTokens","line":20,"loc":{"start":{"line":20,"column":4},"end":{"line":20,"column":48}}},"3":{"name":"timeProtectTokens","line":30,"loc":{"start":{"line":30,"column":4},"end":{"line":30,"column":100}}},"4":{"name":"removeTokenProtection","line":35,"loc":{"start":{"line":35,"column":4},"end":{"line":35,"column":102}}},"5":{"name":"amountProtected","line":40,"loc":{"start":{"line":40,"column":4},"end":{"line":40,"column":75}}}},"statementMap":{"1":{"start":{"line":17,"column":8},"end":{"line":17,"column":43}},"2":{"start":{"line":22,"column":6},"end":{"line":22,"column":841}},"3":{"start":{"line":24,"column":8},"end":{"line":24,"column":271}},"4":{"start":{"line":31,"column":6},"end":{"line":31,"column":71}},"5":{"start":{"line":36,"column":6},"end":{"line":36,"column":71}},"6":{"start":{"line":41,"column":5},"end":{"line":41,"column":37}}},"branchMap":{"1":{"line":22,"type":"if","locations":[{"start":{"line":22,"column":6},"end":{"line":22,"column":6}},{"start":{"line":22,"column":6},"end":{"line":22,"column":6}}]},"2":{"line":24,"type":"if","locations":[{"start":{"line":24,"column":8},"end":{"line":24,"column":8}},{"start":{"line":24,"column":8},"end":{"line":24,"column":8}}]}}},"contracts/Proxy.sol":{"l":{"7":115,"8":115,"10":115},"path":"/home/zmg/GoalZapp/contracts/Proxy.sol","s":{"1":115,"2":115},"b":{"1":[115,0]},"f":{"1":115},"fnMap":{"1":{"name":"","line":6,"loc":{"start":{"line":6,"column":2},"end":{"line":6,"column":30}}}},"statementMap":{"1":{"start":{"line":7,"column":4},"end":{"line":7,"column":36}},"2":{"start":{"line":8,"column":4},"end":{"line":8,"column":31}}},"branchMap":{"1":{"line":8,"type":"if","locations":[{"start":{"line":8,"column":4},"end":{"line":8,"column":4}},{"start":{"line":8,"column":4},"end":{"line":8,"column":4}}]}}},"contracts/ProxyFactory.sol":{"l":{"18":30,"19":30,"23":26,"24":26,"25":26,"26":26,"27":26,"31":52,"35":26},"path":"/home/zmg/GoalZapp/contracts/ProxyFactory.sol","s":{"1":30,"2":30,"3":26,"4":26,"5":26,"6":26,"7":26,"8":52,"9":26},"b":{},"f":{"1":30,"2":26,"3":52,"4":26},"fnMap":{"1":{"name":"constructor","line":17,"loc":{"start":{"line":17,"column":2},"end":{"line":17,"column":60}}},"2":{"name":"build","line":22,"loc":{"start":{"line":22,"column":2},"end":{"line":22,"column":80}}},"3":{"name":"hashedGoalName","line":30,"loc":{"start":{"line":30,"column":2},"end":{"line":30,"column":81}}},"4":{"name":"getProxyAddress","line":34,"loc":{"start":{"line":34,"column":2},"end":{"line":34,"column":99}}}},"statementMap":{"1":{"start":{"line":18,"column":4},"end":{"line":18,"column":35}},"2":{"start":{"line":19,"column":4},"end":{"line":19,"column":17}},"3":{"start":{"line":23,"column":4},"end":{"line":23,"column":59}},"4":{"start":{"line":24,"column":4},"end":{"line":24,"column":44}},"5":{"start":{"line":25,"column":4},"end":{"line":25,"column":24}},"6":{"start":{"line":26,"column":4},"end":{"line":26,"column":64}},"7":{"start":{"line":27,"column":4},"end":{"line":27,"column":36}},"8":{"start":{"line":31,"column":4},"end":{"line":31,"column":49}},"9":{"start":{"line":35,"column":4},"end":{"line":35,"column":62}}},"branchMap":{}},"contracts/Restricted.sol":{"l":{"17":696,"18":60,"19":60,"21":60,"23":696,"27":26,"31":120,"35":0,"39":0},"path":"/home/zmg/GoalZapp/contracts/Restricted.sol","s":{"1":696,"2":60,"3":60,"4":60,"5":26,"6":120,"7":0,"8":0},"b":{"1":[60,636],"2":[60,0]},"f":{"1":696,"2":26,"3":120,"4":0,"5":0},"fnMap":{"1":{"name":"checkRestrictedTokens","line":16,"loc":{"start":{"line":16,"column":2},"end":{"line":16,"column":65}}},"2":{"name":"setInitializedEscrow","line":26,"loc":{"start":{"line":26,"column":2},"end":{"line":26,"column":79}}},"3":{"name":"setRestrictedTokens","line":30,"loc":{"start":{"line":30,"column":2},"end":{"line":30,"column":86}}},"4":{"name":"unsetRestrictedTokens","line":34,"loc":{"start":{"line":34,"column":2},"end":{"line":34,"column":81}}},"5":{"name":"amountRestricted","line":38,"loc":{"start":{"line":38,"column":2},"end":{"line":38,"column":75}}}},"statementMap":{"1":{"start":{"line":17,"column":4},"end":{"line":17,"column":436}},"2":{"start":{"line":18,"column":6},"end":{"line":18,"column":25}},"3":{"start":{"line":19,"column":6},"end":{"line":19,"column":57}},"4":{"start":{"line":21,"column":6},"end":{"line":21,"column":159}},"5":{"start":{"line":27,"column":4},"end":{"line":27,"column":54}},"6":{"start":{"line":31,"column":4},"end":{"line":31,"column":93}},"7":{"start":{"line":35,"column":4},"end":{"line":35,"column":85}},"8":{"start":{"line":39,"column":4},"end":{"line":39,"column":37}}},"branchMap":{"1":{"line":17,"type":"if","locations":[{"start":{"line":17,"column":4},"end":{"line":17,"column":4}},{"start":{"line":17,"column":4},"end":{"line":17,"column":4}}]},"2":{"line":21,"type":"if","locations":[{"start":{"line":21,"column":6},"end":{"line":21,"column":6}},{"start":{"line":21,"column":6},"end":{"line":21,"column":6}}]}}},"contracts/Roles.sol":{"l":{"17":88,"18":88,"19":88,"26":0,"27":0,"35":207,"36":207},"path":"/home/zmg/GoalZapp/contracts/Roles.sol","s":{"1":88,"2":88,"3":88,"4":0,"5":0,"6":207,"7":207},"b":{"1":[88,0],"2":[0,0],"3":[207,0]},"f":{"1":88,"2":0,"3":207},"fnMap":{"1":{"name":"add","line":16,"loc":{"start":{"line":16,"column":4},"end":{"line":16,"column":59}}},"2":{"name":"remove","line":25,"loc":{"start":{"line":25,"column":4},"end":{"line":25,"column":62}}},"3":{"name":"has","line":34,"loc":{"start":{"line":34,"column":4},"end":{"line":34,"column":79}}}},"statementMap":{"1":{"start":{"line":17,"column":8},"end":{"line":17,"column":48}},"2":{"start":{"line":18,"column":8},"end":{"line":18,"column":70}},"3":{"start":{"line":19,"column":8},"end":{"line":19,"column":34}},"4":{"start":{"line":26,"column":8},"end":{"line":26,"column":71}},"5":{"start":{"line":27,"column":8},"end":{"line":27,"column":35}},"6":{"start":{"line":35,"column":8},"end":{"line":35,"column":75}},"7":{"start":{"line":36,"column":8},"end":{"line":36,"column":35}}},"branchMap":{"1":{"line":18,"type":"if","locations":[{"start":{"line":18,"column":8},"end":{"line":18,"column":8}},{"start":{"line":18,"column":8},"end":{"line":18,"column":8}}]},"2":{"line":26,"type":"if","locations":[{"start":{"line":26,"column":8},"end":{"line":26,"column":8}},{"start":{"line":26,"column":8},"end":{"line":26,"column":8}}]},"3":{"line":35,"type":"if","locations":[{"start":{"line":35,"column":8},"end":{"line":35,"column":8}},{"start":{"line":35,"column":8},"end":{"line":35,"column":8}}]}}},"contracts/SafeMath.sol":{"l":{"27":727,"28":727,"30":727,"43":401,"44":371,"46":371,"62":8,"63":0,"66":8,"67":8,"69":8,"85":5,"86":5,"89":5,"104":0,"105":0},"path":"/home/zmg/GoalZapp/contracts/SafeMath.sol","s":{"1":727,"2":727,"3":727,"4":401,"5":371,"6":371,"7":8,"8":0,"9":8,"10":8,"11":8,"12":5,"13":5,"14":5,"15":0,"16":0},"b":{"1":[727,0],"2":[371,30],"3":[0,8],"4":[8,0],"5":[5,0],"6":[0,0]},"f":{"1":727,"2":401,"3":8,"4":5,"5":0},"fnMap":{"1":{"name":"add","line":26,"loc":{"start":{"line":26,"column":4},"end":{"line":26,"column":68}}},"2":{"name":"sub","line":42,"loc":{"start":{"line":42,"column":4},"end":{"line":42,"column":68}}},"3":{"name":"mul","line":58,"loc":{"start":{"line":58,"column":4},"end":{"line":58,"column":68}}},"4":{"name":"div","line":83,"loc":{"start":{"line":83,"column":4},"end":{"line":83,"column":68}}},"5":{"name":"mod","line":103,"loc":{"start":{"line":103,"column":4},"end":{"line":103,"column":68}}}},"statementMap":{"1":{"start":{"line":27,"column":8},"end":{"line":27,"column":25}},"2":{"start":{"line":28,"column":8},"end":{"line":28,"column":53}},"3":{"start":{"line":30,"column":8},"end":{"line":30,"column":16}},"4":{"start":{"line":43,"column":8},"end":{"line":43,"column":56}},"5":{"start":{"line":44,"column":8},"end":{"line":44,"column":25}},"6":{"start":{"line":46,"column":8},"end":{"line":46,"column":16}},"7":{"start":{"line":62,"column":8},"end":{"line":62,"column":1996}},"8":{"start":{"line":63,"column":12},"end":{"line":63,"column":20}},"9":{"start":{"line":66,"column":8},"end":{"line":66,"column":25}},"10":{"start":{"line":67,"column":8},"end":{"line":67,"column":63}},"11":{"start":{"line":69,"column":8},"end":{"line":69,"column":16}},"12":{"start":{"line":85,"column":8},"end":{"line":85,"column":51}},"13":{"start":{"line":86,"column":8},"end":{"line":86,"column":25}},"14":{"start":{"line":89,"column":8},"end":{"line":89,"column":16}},"15":{"start":{"line":104,"column":8},"end":{"line":104,"column":50}},"16":{"start":{"line":105,"column":8},"end":{"line":105,"column":20}}},"branchMap":{"1":{"line":28,"type":"if","locations":[{"start":{"line":28,"column":8},"end":{"line":28,"column":8}},{"start":{"line":28,"column":8},"end":{"line":28,"column":8}}]},"2":{"line":43,"type":"if","locations":[{"start":{"line":43,"column":8},"end":{"line":43,"column":8}},{"start":{"line":43,"column":8},"end":{"line":43,"column":8}}]},"3":{"line":62,"type":"if","locations":[{"start":{"line":62,"column":8},"end":{"line":62,"column":8}},{"start":{"line":62,"column":8},"end":{"line":62,"column":8}}]},"4":{"line":67,"type":"if","locations":[{"start":{"line":67,"column":8},"end":{"line":67,"column":8}},{"start":{"line":67,"column":8},"end":{"line":67,"column":8}}]},"5":{"line":85,"type":"if","locations":[{"start":{"line":85,"column":8},"end":{"line":85,"column":8}},{"start":{"line":85,"column":8},"end":{"line":85,"column":8}}]},"6":{"line":104,"type":"if","locations":[{"start":{"line":104,"column":8},"end":{"line":104,"column":8}},{"start":{"line":104,"column":8},"end":{"line":104,"column":8}}]}}},"contracts/UpgradeabilityProxy.sol":{"l":{"24":26,"32":115,"33":115,"43":26,"44":26,"54":0,"55":0,"56":0,"57":0},"path":"/home/zmg/GoalZapp/contracts/UpgradeabilityProxy.sol","s":{"1":26,"2":115,"3":26,"4":0,"5":0,"6":0,"7":0},"b":{"1":[0,0]},"f":{"1":26,"2":115,"3":26,"4":0},"fnMap":{"1":{"name":"constructor","line":23,"loc":{"start":{"line":23,"column":2},"end":{"line":23,"column":45}}},"2":{"name":"implementation","line":31,"loc":{"start":{"line":31,"column":2},"end":{"line":31,"column":62}}},"3":{"name":"setImplementation","line":42,"loc":{"start":{"line":42,"column":2},"end":{"line":42,"column":64}}},"4":{"name":"_upgradeTo","line":53,"loc":{"start":{"line":53,"column":2},"end":{"line":53,"column":57}}}},"statementMap":{"1":{"start":{"line":24,"column":4},"end":{"line":24,"column":37}},"2":{"start":{"line":32,"column":4},"end":{"line":32,"column":45}},"3":{"start":{"line":43,"column":4},"end":{"line":43,"column":45}},"4":{"start":{"line":54,"column":4},"end":{"line":54,"column":52}},"5":{"start":{"line":55,"column":4},"end":{"line":55,"column":54}},"6":{"start":{"line":56,"column":4},"end":{"line":56,"column":39}},"7":{"start":{"line":57,"column":4},"end":{"line":57,"column":36}}},"branchMap":{"1":{"line":55,"type":"if","locations":[{"start":{"line":55,"column":4},"end":{"line":55,"column":4}},{"start":{"line":55,"column":4},"end":{"line":55,"column":4}}]}}}}